<?xml version="1.0" encoding="UTF-8"?>
<testsuite name="searchTest" tests="1" skipped="0" failures="0" errors="0" timestamp="2019-08-24T12:55:04" hostname="DESKTOP-2U6TAT8" time="14.168">
  <properties/>
  <testcase name="search1" classname="searchTest" time="14.168"/>
  <system-out><![CDATA[]]></system-out>
  <system-err><![CDATA[Starting ChromeDriver 76.0.3809.126 (d80a294506b4c9d18015e755cee48f953ddc3f2f-refs/branch-heads/3809@{#1024}) on port 14754
Only local connections are allowed.
Please protect ports used by ChromeDriver and related test frameworks to prevent access by malicious code.
авг 24, 2019 3:55:07 PM org.openqa.selenium.remote.ProtocolHandshake createSession
INFO: Detected dialect: W3C
]]></system-err>
</testsuite>
