<?xml version="1.0" encoding="UTF-8"?>
<testsuite name="com.telran.selenium.tests.TestSearchPerson" tests="1" skipped="0" failures="0" errors="0" timestamp="2019-10-09T15:02:51" hostname="DESKTOP-2U6TAT8" time="6.698">
  <properties/>
  <testcase name="searchPerson" classname="com.telran.selenium.tests.TestSearchPerson" time="6.698"/>
  <system-out><![CDATA[]]></system-out>
  <system-err><![CDATA[Starting ChromeDriver 77.0.3865.40 (f484704e052e0b556f8030b65b953dce96503217-refs/branch-heads/3865@{#442}) on port 38286
Only local connections are allowed.
Please protect ports used by ChromeDriver and related test frameworks to prevent access by malicious code.
[1570633358.073][WARNING]: Timed out connecting to Chrome, retrying...
окт 09, 2019 6:02:40 PM org.openqa.selenium.remote.ProtocolHandshake createSession
INFO: Detected dialect: W3C
[1570633362.102][WARNING]: Timed out connecting to Chrome, retrying...
]]></system-err>
</testsuite>
