<?xml version="1.0" encoding="UTF-8"?>
<testsuite name="com.telran.selenium.LoginWiki" tests="1" skipped="0" failures="0" errors="0" timestamp="2019-08-25T14:30:55" hostname="DESKTOP-2U6TAT8" time="2.559">
  <properties/>
  <testcase name="loginToWiki" classname="com.telran.selenium.LoginWiki" time="2.559"/>
  <system-out><![CDATA[]]></system-out>
  <system-err><![CDATA[Starting ChromeDriver 76.0.3809.126 (d80a294506b4c9d18015e755cee48f953ddc3f2f-refs/branch-heads/3809@{#1024}) on port 20588
Only local connections are allowed.
Please protect ports used by ChromeDriver and related test frameworks to prevent access by malicious code.
авг 25, 2019 5:30:54 PM org.openqa.selenium.remote.ProtocolHandshake createSession
INFO: Detected dialect: W3C
]]></system-err>
</testsuite>
